{
library : {
name   : "Behaviour";
type   : SHARED_LIBRARY;
prefix : "lib";
suffix : "so";
install_path : "";
sources : {
"ChemicalReaction5c-generic.cxx",
"ChemicalReaction5c.cxx",
"ChemicalReaction5d-generic.cxx",
"ChemicalReaction5d.cxx",
"ChemicalReaction5e-generic.cxx",
"ChemicalReaction5e.cxx"
};
cppflags : {
"$(shell tfel-config --cppflags --compiler-flags)"
};
include_directories : {
"$(shell tfel-config --include-path)"
};
link_directories : {
"$(shell tfel-config --library-path)"
};
link_libraries : {
"$(shell tfel-config --library-dependency --material --mfront-profiling)"
};
epts : {
"ChemicalReaction5c_AxisymmetricalGeneralisedPlaneStrain",
"ChemicalReaction5c_Axisymmetrical",
"ChemicalReaction5c_PlaneStrain",
"ChemicalReaction5c_GeneralisedPlaneStrain",
"ChemicalReaction5c_Tridimensional",
"ChemicalReaction5d_AxisymmetricalGeneralisedPlaneStrain",
"ChemicalReaction5d_Axisymmetrical",
"ChemicalReaction5d_PlaneStrain",
"ChemicalReaction5d_GeneralisedPlaneStrain",
"ChemicalReaction5d_Tridimensional",
"ChemicalReaction5e_AxisymmetricalGeneralisedPlaneStrain",
"ChemicalReaction5e_Axisymmetrical",
"ChemicalReaction5e_PlaneStrain",
"ChemicalReaction5e_GeneralisedPlaneStrain",
"ChemicalReaction5e_Tridimensional"
};
};
headers : {
"MFront/GenericBehaviour/ChemicalReaction5c-generic.hxx",
"TFEL/Material/ChemicalReaction5c.hxx",
"TFEL/Material/ChemicalReaction5cBehaviourData.hxx",
"TFEL/Material/ChemicalReaction5cIntegrationData.hxx",
"MFront/GenericBehaviour/ChemicalReaction5d-generic.hxx",
"TFEL/Material/ChemicalReaction5d.hxx",
"TFEL/Material/ChemicalReaction5dBehaviourData.hxx",
"TFEL/Material/ChemicalReaction5dIntegrationData.hxx",
"MFront/GenericBehaviour/ChemicalReaction5e-generic.hxx",
"TFEL/Material/ChemicalReaction5e.hxx",
"TFEL/Material/ChemicalReaction5eBehaviourData.hxx",
"TFEL/Material/ChemicalReaction5eIntegrationData.hxx"
};
};
